c:\code\github\htscppplugin\htscppplugin\out\x64\debug\htspluginfactory\vc143.pdb
c:\code\github\htscppplugin\htscppplugin\out\x64\debug\htspluginfactory\vc143.idb
c:\code\github\htscppplugin\htscppplugin\out\x64\debug\htspluginfactory\htspluginfactory.obj
c:\code\github\htscppplugin\htscppplugin\out\x64\debug\htspluginfactory\dllmain.obj
c:\code\github\htscppplugin\htscppplugin\out\x64\debug\htspluginfactory\htsclassinfo.obj
c:\code\github\htscppplugin\htscppplugin\bin\x64\debug\htspluginfactory.dll
c:\code\github\htscppplugin\htscppplugin\bin\x64\debug\htspluginfactory.pdb
c:\code\github\htscppplugin\htscppplugin\out\x64\debug\htspluginfactory\htspluginfactory.res
c:\code\github\htscppplugin\htscppplugin\lib\debug\htspluginfactory.lib
c:\code\github\htscppplugin\htscppplugin\lib\debug\htspluginfactory.exp
c:\code\github\htscppplugin\htscppplugin\out\x64\debug\htspluginfactory\htspluginfactory.ilk
c:\code\github\htscppplugin\htscppplugin\out\x64\debug\htspluginfactory\htspluginfactory.vcxproj.filelistabsolute.txt
c:\code\github\htscppplugin\htscppplugin\out\x64\debug\htspluginfactory\htspluginfactory.tlog\cl.command.1.tlog
c:\code\github\htscppplugin\htscppplugin\out\x64\debug\htspluginfactory\htspluginfactory.tlog\cl.items.tlog
c:\code\github\htscppplugin\htscppplugin\out\x64\debug\htspluginfactory\htspluginfactory.tlog\cl.read.1.tlog
c:\code\github\htscppplugin\htscppplugin\out\x64\debug\htspluginfactory\htspluginfactory.tlog\cl.write.1.tlog
c:\code\github\htscppplugin\htscppplugin\out\x64\debug\htspluginfactory\htspluginfactory.tlog\link.command.1.tlog
c:\code\github\htscppplugin\htscppplugin\out\x64\debug\htspluginfactory\htspluginfactory.tlog\link.read.1.tlog
c:\code\github\htscppplugin\htscppplugin\out\x64\debug\htspluginfactory\htspluginfactory.tlog\link.secondary.1.tlog
c:\code\github\htscppplugin\htscppplugin\out\x64\debug\htspluginfactory\htspluginfactory.tlog\link.write.1.tlog
c:\code\github\htscppplugin\htscppplugin\out\x64\debug\htspluginfactory\htspluginfactory.tlog\rc.command.1.tlog
c:\code\github\htscppplugin\htscppplugin\out\x64\debug\htspluginfactory\htspluginfactory.tlog\rc.read.1.tlog
c:\code\github\htscppplugin\htscppplugin\out\x64\debug\htspluginfactory\htspluginfactory.tlog\rc.write.1.tlog
