c:\code\github\htscppplugin\htscppplugin\out\x64\debug\htsplugin_log4cplus\fileinfo.obj
c:\code\github\htscppplugin\htscppplugin\out\x64\debug\htsplugin_log4cplus\rootlogger.obj
c:\code\github\htscppplugin\htscppplugin\out\x64\debug\htsplugin_log4cplus\global-init.obj
c:\code\github\htscppplugin\htscppplugin\out\x64\debug\htsplugin_log4cplus\consoleappender.obj
c:\code\github\htscppplugin\htscppplugin\out\x64\debug\htsplugin_log4cplus\log4cpluslogger.obj
c:\code\github\htscppplugin\htscppplugin\out\x64\debug\htsplugin_log4cplus\loggingmacros.obj
c:\code\github\htscppplugin\htscppplugin\out\x64\debug\htsplugin_log4cplus\stringhelper-clocale.obj
c:\code\github\htscppplugin\htscppplugin\out\x64\debug\htsplugin_log4cplus\hierarchy.obj
c:\code\github\htscppplugin\htscppplugin\out\x64\debug\htsplugin_log4cplus\syncprims.obj
c:\code\github\htscppplugin\htscppplugin\out\x64\debug\htsplugin_log4cplus\ndc.obj
c:\code\github\htscppplugin\htscppplugin\out\x64\debug\htsplugin_log4cplus\pointer.obj
c:\code\github\htscppplugin\htscppplugin\out\x64\debug\htsplugin_log4cplus\appender.obj
c:\code\github\htscppplugin\htscppplugin\out\x64\debug\htsplugin_log4cplus\socket-unix.obj
c:\code\github\htscppplugin\htscppplugin\out\x64\debug\htsplugin_log4cplus\stringhelper-cxxlocale.obj
c:\code\github\htscppplugin\htscppplugin\out\x64\debug\htsplugin_log4cplus\exception.obj
c:\code\github\htscppplugin\htscppplugin\out\x64\debug\htsplugin_log4cplus\win32debugappender.obj
c:\code\github\htscppplugin\htscppplugin\out\x64\debug\htsplugin_log4cplus\dllmain.obj
c:\code\github\htscppplugin\htscppplugin\out\x64\debug\htsplugin_log4cplus\configurator.obj
c:\code\github\htscppplugin\htscppplugin\out\x64\debug\htsplugin_log4cplus\appenderattachableimpl.obj
c:\code\github\htscppplugin\htscppplugin\out\x64\debug\htsplugin_log4cplus\layout.obj
c:\code\github\htscppplugin\htscppplugin\out\x64\debug\htsplugin_log4cplus\snprintf.obj
c:\code\github\htscppplugin\htscppplugin\out\x64\debug\htsplugin_log4cplus\patternlayout.obj
c:\code\github\htscppplugin\htscppplugin\out\x64\debug\htsplugin_log4cplus\nteventlogappender.obj
c:\code\github\htscppplugin\htscppplugin\out\x64\debug\htsplugin_log4cplus\stringhelper-iconv.obj
c:\code\github\htscppplugin\htscppplugin\out\x64\debug\htsplugin_log4cplus\mdc.obj
c:\code\github\htscppplugin\htscppplugin\out\x64\debug\htsplugin_log4cplus\property.obj
c:\code\github\htscppplugin\htscppplugin\out\x64\debug\htsplugin_log4cplus\nullappender.obj
c:\code\github\htscppplugin\htscppplugin\out\x64\debug\htsplugin_log4cplus\loggerimpl.obj
c:\code\github\htscppplugin\htscppplugin\out\x64\debug\htsplugin_log4cplus\socketappender.obj
c:\code\github\htscppplugin\htscppplugin\out\x64\debug\htsplugin_log4cplus\socketbuffer.obj
c:\code\github\htscppplugin\htscppplugin\out\x64\debug\htsplugin_log4cplus\clogger.obj
c:\code\github\htscppplugin\htscppplugin\out\x64\debug\htsplugin_log4cplus\log4judpappender.obj
c:\code\github\htscppplugin\htscppplugin\out\x64\debug\htsplugin_log4cplus\stringhelper.obj
c:\code\github\htscppplugin\htscppplugin\out\x64\debug\htsplugin_log4cplus\fileappender.obj
c:\code\github\htscppplugin\htscppplugin\out\x64\debug\htsplugin_log4cplus\loggingevent.obj
c:\code\github\htscppplugin\htscppplugin\out\x64\debug\htsplugin_log4cplus\socket-win32.obj
c:\code\github\htscppplugin\htscppplugin\out\x64\debug\htsplugin_log4cplus\version.obj
c:\code\github\htscppplugin\htscppplugin\out\x64\debug\htsplugin_log4cplus\win32consoleappender.obj
c:\code\github\htscppplugin\htscppplugin\out\x64\debug\htsplugin_log4cplus\loglog.obj
c:\code\github\htscppplugin\htscppplugin\out\x64\debug\htsplugin_log4cplus\syslogappender.obj
c:\code\github\htscppplugin\htscppplugin\out\x64\debug\htsplugin_log4cplus\queue.obj
c:\code\github\htscppplugin\htscppplugin\out\x64\debug\htsplugin_log4cplus\eventcounter.obj
c:\code\github\htscppplugin\htscppplugin\out\x64\debug\htsplugin_log4cplus\env.obj
c:\code\github\htscppplugin\htscppplugin\out\x64\debug\htsplugin_log4cplus\connectorthread.obj
c:\code\github\htscppplugin\htscppplugin\out\x64\debug\htsplugin_log4cplus\factory.obj
c:\code\github\htscppplugin\htscppplugin\out\x64\debug\htsplugin_log4cplus\logger.obj
c:\code\github\htscppplugin\htscppplugin\out\x64\debug\htsplugin_log4cplus\objectregistry.obj
c:\code\github\htscppplugin\htscppplugin\out\x64\debug\htsplugin_log4cplus\socket.obj
c:\code\github\htscppplugin\htscppplugin\out\x64\debug\htsplugin_log4cplus\hierarchylocker.obj
c:\code\github\htscppplugin\htscppplugin\out\x64\debug\htsplugin_log4cplus\loglevel.obj
c:\code\github\htscppplugin\htscppplugin\out\x64\debug\htsplugin_log4cplus\lockfile.obj
c:\code\github\htscppplugin\htscppplugin\out\x64\debug\htsplugin_log4cplus\threads.obj
c:\code\github\htscppplugin\htscppplugin\out\x64\debug\htsplugin_log4cplus\asyncappender.obj
c:\code\github\htscppplugin\htscppplugin\out\x64\debug\htsplugin_log4cplus\tls.obj
c:\code\github\htscppplugin\htscppplugin\out\x64\debug\htsplugin_log4cplus\callbackappender.obj
c:\code\github\htscppplugin\htscppplugin\out\x64\debug\htsplugin_log4cplus\filter.obj
c:\code\github\htscppplugin\htscppplugin\out\x64\debug\htsplugin_log4cplus\timehelper.obj
c:\code\github\htscppplugin\htscppplugin\bin\x64\debug\htsplugin_log4cplus.c.pdb
c:\code\github\htscppplugin\htscppplugin\bin\x64\debug\htsplugin_log4cplus.dll
c:\code\github\htscppplugin\htscppplugin\bin\x64\debug\htsplugin_log4cplus.pdb
c:\code\github\htscppplugin\htscppplugin\out\x64\debug\htsplugin_log4cplus\log4cplus.vcxproj.filelistabsolute.txt
c:\code\github\htscppplugin\htscppplugin\out\x64\debug\htsplugin_log4cplus\htsplugi.917836a4.tlog\cl.10028.write.1.tlog
c:\code\github\htscppplugin\htscppplugin\out\x64\debug\htsplugin_log4cplus\htsplugi.917836a4.tlog\cl.command.1.tlog
c:\code\github\htscppplugin\htscppplugin\out\x64\debug\htsplugin_log4cplus\htsplugi.917836a4.tlog\cl.items.tlog
c:\code\github\htscppplugin\htscppplugin\out\x64\debug\htsplugin_log4cplus\htsplugi.917836a4.tlog\cl.read.1.tlog
c:\code\github\htscppplugin\htscppplugin\out\x64\debug\htsplugin_log4cplus\htsplugi.917836a4.tlog\link.command.1.tlog
c:\code\github\htscppplugin\htscppplugin\out\x64\debug\htsplugin_log4cplus\htsplugi.917836a4.tlog\link.read.1.tlog
c:\code\github\htscppplugin\htscppplugin\out\x64\debug\htsplugin_log4cplus\htsplugi.917836a4.tlog\link.secondary.1.tlog
c:\code\github\htscppplugin\htscppplugin\out\x64\debug\htsplugin_log4cplus\htsplugi.917836a4.tlog\link.write.1.tlog
